<?xml version="1.0" encoding="UTF-8"?>
<testng-results skipped="0" failed="0" ignored="0" total="2" passed="2">
  <reporter-output>
  </reporter-output>
  <suite name="Default suite" duration-ms="116" started-at="2019-05-01T08:24:02Z" finished-at="2019-05-01T08:24:02Z">
    <groups>
    </groups>
    <test name="Default test" duration-ms="116" started-at="2019-05-01T08:24:02Z" finished-at="2019-05-01T08:24:02Z">
      <class name="pack1.NewTest1">
        <test-method status="PASS" signature="f()[pri:0, instance:pack1.NewTest1@1810399e]" name="f" duration-ms="28" started-at="2019-05-01T08:24:02Z" finished-at="2019-05-01T08:24:02Z">
          <reporter-output>
          </reporter-output>
        </test-method> <!-- f -->
        <test-method status="PASS" signature="h()[pri:0, instance:pack1.NewTest1@1810399e]" name="h" duration-ms="5" started-at="2019-05-01T08:24:02Z" finished-at="2019-05-01T08:24:02Z">
          <reporter-output>
          </reporter-output>
        </test-method> <!-- h -->
      </class> <!-- pack1.NewTest1 -->
    </test> <!-- Default test -->
  </suite> <!-- Default suite -->
</testng-results>
